<?xml version="1.0" encoding="UTF-8"?>
<coverage generated="1769611024754" clover="3.2.0">
  <project timestamp="1769611024754" name="All files">
    <metrics statements="48" coveredstatements="48" conditionals="30" coveredconditionals="30" methods="15" coveredmethods="15" elements="93" coveredelements="93" complexity="0" loc="48" ncloc="48" packages="1" files="1" classes="1"/>
    <file name="calculations.js" path="/Users/renaud.cosson-ext/portfolio-manager/lib/calculations.js">
      <metrics statements="48" coveredstatements="48" conditionals="30" coveredconditionals="30" methods="15" coveredmethods="15"/>
      <line num="14" count="9" type="cond" truecount="2" falsecount="0"/>
      <line num="15" count="5" type="stmt"/>
      <line num="25" count="26" type="cond" truecount="2" falsecount="0"/>
      <line num="26" count="23" type="stmt"/>
      <line num="37" count="30" type="cond" truecount="2" falsecount="0"/>
      <line num="38" count="28" type="stmt"/>
      <line num="39" count="28" type="stmt"/>
      <line num="49" count="26" type="stmt"/>
      <line num="61" count="31" type="cond" truecount="2" falsecount="0"/>
      <line num="62" count="22" type="cond" truecount="2" falsecount="0"/>
      <line num="64" count="22" type="cond" truecount="2" falsecount="0"/>
      <line num="65" count="17" type="stmt"/>
      <line num="76" count="22" type="stmt"/>
      <line num="77" count="22" type="cond" truecount="2" falsecount="0"/>
      <line num="78" count="22" type="stmt"/>
      <line num="79" count="22" type="stmt"/>
      <line num="80" count="22" type="cond" truecount="2" falsecount="0"/>
      <line num="81" count="22" type="cond" truecount="2" falsecount="0"/>
      <line num="83" count="22" type="stmt"/>
      <line num="102" count="5" type="stmt"/>
      <line num="103" count="5" type="stmt"/>
      <line num="104" count="9" type="stmt"/>
      <line num="110" count="5" type="stmt"/>
      <line num="120" count="8" type="stmt"/>
      <line num="121" count="8" type="stmt"/>
      <line num="123" count="8" type="stmt"/>
      <line num="124" count="9" type="stmt"/>
      <line num="126" count="9" type="cond" truecount="2" falsecount="0"/>
      <line num="127" count="1" type="stmt"/>
      <line num="128" count="1" type="stmt"/>
      <line num="131" count="8" type="cond" truecount="2" falsecount="0"/>
      <line num="132" count="8" type="stmt"/>
      <line num="135" count="8" type="cond" truecount="2" falsecount="0"/>
      <line num="136" count="1" type="stmt"/>
      <line num="143" count="1" type="stmt"/>
      <line num="146" count="7" type="cond" truecount="2" falsecount="0"/>
      <line num="147" count="6" type="stmt"/>
      <line num="156" count="8" type="stmt"/>
      <line num="171" count="3" type="stmt"/>
      <line num="187" count="1" type="stmt"/>
      <line num="204" count="6" type="cond" truecount="2" falsecount="0"/>
      <line num="205" count="4" type="stmt"/>
      <line num="217" count="1" type="stmt"/>
      <line num="232" count="3" type="stmt"/>
      <line num="233" count="3" type="stmt"/>
      <line num="242" count="75" type="stmt"/>
      <line num="246" count="23" type="stmt"/>
      <line num="249" count="1" type="stmt"/>
    </file>
  </project>
</coverage>
