{"/Users/renaud.cosson-ext/portfolio-manager/lib/calculations.js": {"path":"/Users/renaud.cosson-ext/portfolio-manager/lib/calculations.js","statementMap":{"0":{"start":{"line":14,"column":2},"end":{"line":14,"column":37}},"1":{"start":{"line":14,"column":27},"end":{"line":14,"column":37}},"2":{"start":{"line":15,"column":2},"end":{"line":15,"column":38}},"3":{"start":{"line":25,"column":2},"end":{"line":25,"column":37}},"4":{"start":{"line":25,"column":27},"end":{"line":25,"column":37}},"5":{"start":{"line":26,"column":2},"end":{"line":26,"column":38}},"6":{"start":{"line":37,"column":2},"end":{"line":37,"column":37}},"7":{"start":{"line":37,"column":23},"end":{"line":37,"column":37}},"8":{"start":{"line":38,"column":32},"end":{"line":38,"column":57}},"9":{"start":{"line":39,"column":2},"end":{"line":39,"column":40}},"10":{"start":{"line":49,"column":2},"end":{"line":49,"column":31}},"11":{"start":{"line":60,"column":2},"end":{"line":60,"column":26}},"12":{"start":{"line":60,"column":18},"end":{"line":60,"column":26}},"13":{"start":{"line":61,"column":2},"end":{"line":61,"column":35}},"14":{"start":{"line":61,"column":27},"end":{"line":61,"column":35}},"15":{"start":{"line":62,"column":2},"end":{"line":62,"column":48}},"16":{"start":{"line":62,"column":28},"end":{"line":62,"column":48}},"17":{"start":{"line":63,"column":2},"end":{"line":63,"column":39}},"18":{"start":{"line":74,"column":23},"end":{"line":74,"column":74}},"19":{"start":{"line":75,"column":21},"end":{"line":75,"column":47}},"20":{"start":{"line":76,"column":23},"end":{"line":76,"column":88}},"21":{"start":{"line":77,"column":16},"end":{"line":77,"column":62}},"22":{"start":{"line":78,"column":21},"end":{"line":78,"column":77}},"23":{"start":{"line":79,"column":16},"end":{"line":79,"column":82}},"24":{"start":{"line":81,"column":2},"end":{"line":88,"column":3}},"25":{"start":{"line":100,"column":18},"end":{"line":100,"column":20}},"26":{"start":{"line":101,"column":2},"end":{"line":107,"column":3}},"27":{"start":{"line":102,"column":4},"end":{"line":106,"column":5}},"28":{"start":{"line":108,"column":2},"end":{"line":108,"column":16}},"29":{"start":{"line":118,"column":17},"end":{"line":118,"column":19}},"30":{"start":{"line":119,"column":20},"end":{"line":119,"column":22}},"31":{"start":{"line":121,"column":2},"end":{"line":152,"column":3}},"32":{"start":{"line":122,"column":20},"end":{"line":122,"column":44}},"33":{"start":{"line":124,"column":4},"end":{"line":127,"column":5}},"34":{"start":{"line":125,"column":6},"end":{"line":125,"column":76}},"35":{"start":{"line":126,"column":6},"end":{"line":126,"column":14}},"36":{"start":{"line":129,"column":19},"end":{"line":129,"column":73}},"37":{"start":{"line":130,"column":22},"end":{"line":130,"column":40}},"38":{"start":{"line":133,"column":4},"end":{"line":142,"column":5}},"39":{"start":{"line":134,"column":6},"end":{"line":140,"column":8}},"40":{"start":{"line":141,"column":6},"end":{"line":141,"column":14}},"41":{"start":{"line":144,"column":4},"end":{"line":151,"column":5}},"42":{"start":{"line":145,"column":6},"end":{"line":150,"column":8}},"43":{"start":{"line":154,"column":2},"end":{"line":158,"column":3}},"44":{"start":{"line":169,"column":2},"end":{"line":173,"column":3}},"45":{"start":{"line":185,"column":2},"end":{"line":188,"column":3}},"46":{"start":{"line":202,"column":2},"end":{"line":202,"column":40}},"47":{"start":{"line":202,"column":30},"end":{"line":202,"column":40}},"48":{"start":{"line":203,"column":2},"end":{"line":203,"column":41}},"49":{"start":{"line":215,"column":2},"end":{"line":218,"column":3}},"50":{"start":{"line":230,"column":22},"end":{"line":230,"column":45}},"51":{"start":{"line":231,"column":2},"end":{"line":235,"column":3}},"52":{"start":{"line":240,"column":2},"end":{"line":240,"column":38}},"53":{"start":{"line":244,"column":2},"end":{"line":244,"column":38}},"54":{"start":{"line":247,"column":0},"end":{"line":263,"column":1}}},"fnMap":{"0":{"name":"calculateEntryRatio","decl":{"start":{"line":13,"column":9},"end":{"line":13,"column":28}},"loc":{"start":{"line":13,"column":59},"end":{"line":16,"column":1}},"line":13},"1":{"name":"calculateCurrentRatio","decl":{"start":{"line":24,"column":9},"end":{"line":24,"column":30}},"loc":{"start":{"line":24,"column":61},"end":{"line":27,"column":1}},"line":24},"2":{"name":"calculateCurrentValue","decl":{"start":{"line":36,"column":9},"end":{"line":36,"column":30}},"loc":{"start":{"line":36,"column":66},"end":{"line":40,"column":1}},"line":36},"3":{"name":"calculateGains","decl":{"start":{"line":48,"column":9},"end":{"line":48,"column":23}},"loc":{"start":{"line":48,"column":47},"end":{"line":50,"column":1}},"line":48},"4":{"name":"calculateCommission","decl":{"start":{"line":59,"column":9},"end":{"line":59,"column":28}},"loc":{"start":{"line":59,"column":52},"end":{"line":64,"column":1}},"line":59},"5":{"name":"calculateInvestorMetrics","decl":{"start":{"line":73,"column":9},"end":{"line":73,"column":33}},"loc":{"start":{"line":73,"column":74},"end":{"line":89,"column":1}},"line":73},"6":{"name":"calculateBatchMetrics","decl":{"start":{"line":99,"column":9},"end":{"line":99,"column":30}},"loc":{"start":{"line":99,"column":72},"end":{"line":109,"column":1}},"line":99},"7":{"name":"validateReinvestments","decl":{"start":{"line":117,"column":9},"end":{"line":117,"column":30}},"loc":{"start":{"line":117,"column":58},"end":{"line":159,"column":1}},"line":117},"8":{"name":"calculateStateAfterAddInvestor","decl":{"start":{"line":168,"column":9},"end":{"line":168,"column":39}},"loc":{"start":{"line":168,"column":90},"end":{"line":174,"column":1}},"line":168},"9":{"name":"calculateStateAfterReinvest","decl":{"start":{"line":183,"column":9},"end":{"line":183,"column":36}},"loc":{"start":{"line":183,"column":83},"end":{"line":189,"column":1}},"line":183},"10":{"name":"calculateEntryRatioAfterReinvest","decl":{"start":{"line":199,"column":9},"end":{"line":199,"column":41}},"loc":{"start":{"line":199,"column":75},"end":{"line":204,"column":1}},"line":199},"11":{"name":"calculateStateAfterWithdraw","decl":{"start":{"line":213,"column":9},"end":{"line":213,"column":36}},"loc":{"start":{"line":213,"column":83},"end":{"line":219,"column":1}},"line":213},"12":{"name":"calculateStateAfterCapitalAdjustment","decl":{"start":{"line":229,"column":9},"end":{"line":229,"column":45}},"loc":{"start":{"line":229,"column":100},"end":{"line":236,"column":1}},"line":229},"13":{"name":"roundToCents","decl":{"start":{"line":239,"column":9},"end":{"line":239,"column":21}},"loc":{"start":{"line":239,"column":29},"end":{"line":241,"column":1}},"line":239},"14":{"name":"roundToPercent","decl":{"start":{"line":243,"column":9},"end":{"line":243,"column":23}},"loc":{"start":{"line":243,"column":31},"end":{"line":245,"column":1}},"line":243}},"branchMap":{"0":{"loc":{"start":{"line":14,"column":2},"end":{"line":14,"column":37}},"type":"if","locations":[{"start":{"line":14,"column":2},"end":{"line":14,"column":37}},{"start":{},"end":{}}],"line":14},"1":{"loc":{"start":{"line":25,"column":2},"end":{"line":25,"column":37}},"type":"if","locations":[{"start":{"line":25,"column":2},"end":{"line":25,"column":37}},{"start":{},"end":{}}],"line":25},"2":{"loc":{"start":{"line":37,"column":2},"end":{"line":37,"column":37}},"type":"if","locations":[{"start":{"line":37,"column":2},"end":{"line":37,"column":37}},{"start":{},"end":{}}],"line":37},"3":{"loc":{"start":{"line":60,"column":2},"end":{"line":60,"column":26}},"type":"if","locations":[{"start":{"line":60,"column":2},"end":{"line":60,"column":26}},{"start":{},"end":{}}],"line":60},"4":{"loc":{"start":{"line":61,"column":2},"end":{"line":61,"column":35}},"type":"if","locations":[{"start":{"line":61,"column":2},"end":{"line":61,"column":35}},{"start":{},"end":{}}],"line":61},"5":{"loc":{"start":{"line":62,"column":2},"end":{"line":62,"column":48}},"type":"if","locations":[{"start":{"line":62,"column":2},"end":{"line":62,"column":48}},{"start":{},"end":{}}],"line":62},"6":{"loc":{"start":{"line":75,"column":21},"end":{"line":75,"column":47}},"type":"binary-expr","locations":[{"start":{"line":75,"column":21},"end":{"line":75,"column":40}},{"start":{"line":75,"column":44},"end":{"line":75,"column":47}}],"line":75},"7":{"loc":{"start":{"line":78,"column":48},"end":{"line":78,"column":76}},"type":"binary-expr","locations":[{"start":{"line":78,"column":48},"end":{"line":78,"column":71}},{"start":{"line":78,"column":75},"end":{"line":78,"column":76}}],"line":78},"8":{"loc":{"start":{"line":79,"column":16},"end":{"line":79,"column":82}},"type":"cond-expr","locations":[{"start":{"line":79,"column":37},"end":{"line":79,"column":78}},{"start":{"line":79,"column":81},"end":{"line":79,"column":82}}],"line":79},"9":{"loc":{"start":{"line":124,"column":4},"end":{"line":127,"column":5}},"type":"if","locations":[{"start":{"line":124,"column":4},"end":{"line":127,"column":5}},{"start":{},"end":{}}],"line":124},"10":{"loc":{"start":{"line":129,"column":19},"end":{"line":129,"column":73}},"type":"cond-expr","locations":[{"start":{"line":129,"column":44},"end":{"line":129,"column":52}},{"start":{"line":129,"column":55},"end":{"line":129,"column":73}}],"line":129},"11":{"loc":{"start":{"line":133,"column":4},"end":{"line":142,"column":5}},"type":"if","locations":[{"start":{"line":133,"column":4},"end":{"line":142,"column":5}},{"start":{},"end":{}}],"line":133},"12":{"loc":{"start":{"line":144,"column":4},"end":{"line":151,"column":5}},"type":"if","locations":[{"start":{"line":144,"column":4},"end":{"line":151,"column":5}},{"start":{},"end":{}}],"line":144},"13":{"loc":{"start":{"line":149,"column":16},"end":{"line":149,"column":38}},"type":"binary-expr","locations":[{"start":{"line":149,"column":16},"end":{"line":149,"column":24}},{"start":{"line":149,"column":28},"end":{"line":149,"column":38}}],"line":149},"14":{"loc":{"start":{"line":202,"column":2},"end":{"line":202,"column":40}},"type":"if","locations":[{"start":{"line":202,"column":2},"end":{"line":202,"column":40}},{"start":{},"end":{}}],"line":202}},"s":{"0":9,"1":4,"2":5,"3":25,"4":3,"5":22,"6":29,"7":2,"8":27,"9":27,"10":25,"11":30,"12":9,"13":21,"14":4,"15":17,"16":1,"17":17,"18":21,"19":21,"20":21,"21":21,"22":21,"23":21,"24":21,"25":5,"26":5,"27":9,"28":5,"29":8,"30":8,"31":8,"32":9,"33":9,"34":1,"35":1,"36":8,"37":8,"38":8,"39":1,"40":1,"41":7,"42":6,"43":8,"44":3,"45":1,"46":6,"47":2,"48":4,"49":1,"50":3,"51":3,"52":72,"53":22,"54":1},"f":{"0":9,"1":25,"2":29,"3":25,"4":30,"5":21,"6":5,"7":8,"8":3,"9":1,"10":6,"11":1,"12":3,"13":72,"14":22},"b":{"0":[4,5],"1":[3,22],"2":[2,27],"3":[9,21],"4":[4,17],"5":[1,16],"6":[21,1],"7":[21,2],"8":[20,1],"9":[1,8],"10":[7,1],"11":[1,7],"12":[6,1],"13":[6,5],"14":[2,4]},"_coverageSchema":"1a1c01bbd47fc00a2c39e90264f33305004495a9","hash":"c292137f7942a1e05fca968372f635932051fd2b"}
}
