{"/Users/renaud.cosson-ext/portfolio-manager/lib/calculations.js": {"path":"/Users/renaud.cosson-ext/portfolio-manager/lib/calculations.js","statementMap":{"0":{"start":{"line":14,"column":2},"end":{"line":14,"column":37}},"1":{"start":{"line":14,"column":27},"end":{"line":14,"column":37}},"2":{"start":{"line":15,"column":2},"end":{"line":15,"column":38}},"3":{"start":{"line":25,"column":2},"end":{"line":25,"column":37}},"4":{"start":{"line":25,"column":27},"end":{"line":25,"column":37}},"5":{"start":{"line":26,"column":2},"end":{"line":26,"column":38}},"6":{"start":{"line":37,"column":2},"end":{"line":37,"column":37}},"7":{"start":{"line":37,"column":23},"end":{"line":37,"column":37}},"8":{"start":{"line":38,"column":32},"end":{"line":38,"column":57}},"9":{"start":{"line":39,"column":2},"end":{"line":39,"column":40}},"10":{"start":{"line":49,"column":2},"end":{"line":49,"column":31}},"11":{"start":{"line":61,"column":2},"end":{"line":61,"column":26}},"12":{"start":{"line":61,"column":18},"end":{"line":61,"column":26}},"13":{"start":{"line":62,"column":2},"end":{"line":62,"column":48}},"14":{"start":{"line":62,"column":28},"end":{"line":62,"column":48}},"15":{"start":{"line":64,"column":2},"end":{"line":64,"column":39}},"16":{"start":{"line":64,"column":27},"end":{"line":64,"column":39}},"17":{"start":{"line":65,"column":2},"end":{"line":65,"column":39}},"18":{"start":{"line":76,"column":23},"end":{"line":76,"column":74}},"19":{"start":{"line":77,"column":21},"end":{"line":77,"column":47}},"20":{"start":{"line":78,"column":23},"end":{"line":78,"column":88}},"21":{"start":{"line":79,"column":16},"end":{"line":79,"column":62}},"22":{"start":{"line":80,"column":21},"end":{"line":80,"column":77}},"23":{"start":{"line":81,"column":16},"end":{"line":81,"column":82}},"24":{"start":{"line":83,"column":2},"end":{"line":90,"column":3}},"25":{"start":{"line":102,"column":18},"end":{"line":102,"column":20}},"26":{"start":{"line":103,"column":2},"end":{"line":109,"column":3}},"27":{"start":{"line":104,"column":4},"end":{"line":108,"column":5}},"28":{"start":{"line":110,"column":2},"end":{"line":110,"column":16}},"29":{"start":{"line":120,"column":17},"end":{"line":120,"column":19}},"30":{"start":{"line":121,"column":20},"end":{"line":121,"column":22}},"31":{"start":{"line":123,"column":2},"end":{"line":154,"column":3}},"32":{"start":{"line":124,"column":20},"end":{"line":124,"column":44}},"33":{"start":{"line":126,"column":4},"end":{"line":129,"column":5}},"34":{"start":{"line":127,"column":6},"end":{"line":127,"column":76}},"35":{"start":{"line":128,"column":6},"end":{"line":128,"column":14}},"36":{"start":{"line":131,"column":19},"end":{"line":131,"column":73}},"37":{"start":{"line":132,"column":22},"end":{"line":132,"column":40}},"38":{"start":{"line":135,"column":4},"end":{"line":144,"column":5}},"39":{"start":{"line":136,"column":6},"end":{"line":142,"column":8}},"40":{"start":{"line":143,"column":6},"end":{"line":143,"column":14}},"41":{"start":{"line":146,"column":4},"end":{"line":153,"column":5}},"42":{"start":{"line":147,"column":6},"end":{"line":152,"column":8}},"43":{"start":{"line":156,"column":2},"end":{"line":160,"column":3}},"44":{"start":{"line":171,"column":2},"end":{"line":175,"column":3}},"45":{"start":{"line":187,"column":2},"end":{"line":190,"column":3}},"46":{"start":{"line":204,"column":2},"end":{"line":204,"column":40}},"47":{"start":{"line":204,"column":30},"end":{"line":204,"column":40}},"48":{"start":{"line":205,"column":2},"end":{"line":205,"column":41}},"49":{"start":{"line":217,"column":2},"end":{"line":220,"column":3}},"50":{"start":{"line":232,"column":22},"end":{"line":232,"column":45}},"51":{"start":{"line":233,"column":2},"end":{"line":237,"column":3}},"52":{"start":{"line":242,"column":2},"end":{"line":242,"column":38}},"53":{"start":{"line":246,"column":2},"end":{"line":246,"column":38}},"54":{"start":{"line":249,"column":0},"end":{"line":265,"column":1}}},"fnMap":{"0":{"name":"calculateEntryRatio","decl":{"start":{"line":13,"column":9},"end":{"line":13,"column":28}},"loc":{"start":{"line":13,"column":59},"end":{"line":16,"column":1}},"line":13},"1":{"name":"calculateCurrentRatio","decl":{"start":{"line":24,"column":9},"end":{"line":24,"column":30}},"loc":{"start":{"line":24,"column":61},"end":{"line":27,"column":1}},"line":24},"2":{"name":"calculateCurrentValue","decl":{"start":{"line":36,"column":9},"end":{"line":36,"column":30}},"loc":{"start":{"line":36,"column":66},"end":{"line":40,"column":1}},"line":36},"3":{"name":"calculateGains","decl":{"start":{"line":48,"column":9},"end":{"line":48,"column":23}},"loc":{"start":{"line":48,"column":47},"end":{"line":50,"column":1}},"line":48},"4":{"name":"calculateCommission","decl":{"start":{"line":60,"column":9},"end":{"line":60,"column":28}},"loc":{"start":{"line":60,"column":52},"end":{"line":66,"column":1}},"line":60},"5":{"name":"calculateInvestorMetrics","decl":{"start":{"line":75,"column":9},"end":{"line":75,"column":33}},"loc":{"start":{"line":75,"column":74},"end":{"line":91,"column":1}},"line":75},"6":{"name":"calculateBatchMetrics","decl":{"start":{"line":101,"column":9},"end":{"line":101,"column":30}},"loc":{"start":{"line":101,"column":72},"end":{"line":111,"column":1}},"line":101},"7":{"name":"validateReinvestments","decl":{"start":{"line":119,"column":9},"end":{"line":119,"column":30}},"loc":{"start":{"line":119,"column":58},"end":{"line":161,"column":1}},"line":119},"8":{"name":"calculateStateAfterAddInvestor","decl":{"start":{"line":170,"column":9},"end":{"line":170,"column":39}},"loc":{"start":{"line":170,"column":90},"end":{"line":176,"column":1}},"line":170},"9":{"name":"calculateStateAfterReinvest","decl":{"start":{"line":185,"column":9},"end":{"line":185,"column":36}},"loc":{"start":{"line":185,"column":83},"end":{"line":191,"column":1}},"line":185},"10":{"name":"calculateEntryRatioAfterReinvest","decl":{"start":{"line":201,"column":9},"end":{"line":201,"column":41}},"loc":{"start":{"line":201,"column":75},"end":{"line":206,"column":1}},"line":201},"11":{"name":"calculateStateAfterWithdraw","decl":{"start":{"line":215,"column":9},"end":{"line":215,"column":36}},"loc":{"start":{"line":215,"column":83},"end":{"line":221,"column":1}},"line":215},"12":{"name":"calculateStateAfterCapitalAdjustment","decl":{"start":{"line":231,"column":9},"end":{"line":231,"column":45}},"loc":{"start":{"line":231,"column":100},"end":{"line":238,"column":1}},"line":231},"13":{"name":"roundToCents","decl":{"start":{"line":241,"column":9},"end":{"line":241,"column":21}},"loc":{"start":{"line":241,"column":29},"end":{"line":243,"column":1}},"line":241},"14":{"name":"roundToPercent","decl":{"start":{"line":245,"column":9},"end":{"line":245,"column":23}},"loc":{"start":{"line":245,"column":31},"end":{"line":247,"column":1}},"line":245}},"branchMap":{"0":{"loc":{"start":{"line":14,"column":2},"end":{"line":14,"column":37}},"type":"if","locations":[{"start":{"line":14,"column":2},"end":{"line":14,"column":37}},{"start":{},"end":{}}],"line":14},"1":{"loc":{"start":{"line":25,"column":2},"end":{"line":25,"column":37}},"type":"if","locations":[{"start":{"line":25,"column":2},"end":{"line":25,"column":37}},{"start":{},"end":{}}],"line":25},"2":{"loc":{"start":{"line":37,"column":2},"end":{"line":37,"column":37}},"type":"if","locations":[{"start":{"line":37,"column":2},"end":{"line":37,"column":37}},{"start":{},"end":{}}],"line":37},"3":{"loc":{"start":{"line":61,"column":2},"end":{"line":61,"column":26}},"type":"if","locations":[{"start":{"line":61,"column":2},"end":{"line":61,"column":26}},{"start":{},"end":{}}],"line":61},"4":{"loc":{"start":{"line":62,"column":2},"end":{"line":62,"column":48}},"type":"if","locations":[{"start":{"line":62,"column":2},"end":{"line":62,"column":48}},{"start":{},"end":{}}],"line":62},"5":{"loc":{"start":{"line":64,"column":2},"end":{"line":64,"column":39}},"type":"if","locations":[{"start":{"line":64,"column":2},"end":{"line":64,"column":39}},{"start":{},"end":{}}],"line":64},"6":{"loc":{"start":{"line":77,"column":21},"end":{"line":77,"column":47}},"type":"binary-expr","locations":[{"start":{"line":77,"column":21},"end":{"line":77,"column":40}},{"start":{"line":77,"column":44},"end":{"line":77,"column":47}}],"line":77},"7":{"loc":{"start":{"line":80,"column":48},"end":{"line":80,"column":76}},"type":"binary-expr","locations":[{"start":{"line":80,"column":48},"end":{"line":80,"column":71}},{"start":{"line":80,"column":75},"end":{"line":80,"column":76}}],"line":80},"8":{"loc":{"start":{"line":81,"column":16},"end":{"line":81,"column":82}},"type":"cond-expr","locations":[{"start":{"line":81,"column":37},"end":{"line":81,"column":78}},{"start":{"line":81,"column":81},"end":{"line":81,"column":82}}],"line":81},"9":{"loc":{"start":{"line":126,"column":4},"end":{"line":129,"column":5}},"type":"if","locations":[{"start":{"line":126,"column":4},"end":{"line":129,"column":5}},{"start":{},"end":{}}],"line":126},"10":{"loc":{"start":{"line":131,"column":19},"end":{"line":131,"column":73}},"type":"cond-expr","locations":[{"start":{"line":131,"column":44},"end":{"line":131,"column":52}},{"start":{"line":131,"column":55},"end":{"line":131,"column":73}}],"line":131},"11":{"loc":{"start":{"line":135,"column":4},"end":{"line":144,"column":5}},"type":"if","locations":[{"start":{"line":135,"column":4},"end":{"line":144,"column":5}},{"start":{},"end":{}}],"line":135},"12":{"loc":{"start":{"line":146,"column":4},"end":{"line":153,"column":5}},"type":"if","locations":[{"start":{"line":146,"column":4},"end":{"line":153,"column":5}},{"start":{},"end":{}}],"line":146},"13":{"loc":{"start":{"line":151,"column":16},"end":{"line":151,"column":38}},"type":"binary-expr","locations":[{"start":{"line":151,"column":16},"end":{"line":151,"column":24}},{"start":{"line":151,"column":28},"end":{"line":151,"column":38}}],"line":151},"14":{"loc":{"start":{"line":204,"column":2},"end":{"line":204,"column":40}},"type":"if","locations":[{"start":{"line":204,"column":2},"end":{"line":204,"column":40}},{"start":{},"end":{}}],"line":204}},"s":{"0":9,"1":4,"2":5,"3":26,"4":3,"5":23,"6":30,"7":2,"8":28,"9":28,"10":26,"11":31,"12":9,"13":22,"14":1,"15":22,"16":5,"17":17,"18":22,"19":22,"20":22,"21":22,"22":22,"23":22,"24":22,"25":5,"26":5,"27":9,"28":5,"29":8,"30":8,"31":8,"32":9,"33":9,"34":1,"35":1,"36":8,"37":8,"38":8,"39":1,"40":1,"41":7,"42":6,"43":8,"44":3,"45":1,"46":6,"47":2,"48":4,"49":1,"50":3,"51":3,"52":75,"53":23,"54":1},"f":{"0":9,"1":26,"2":30,"3":26,"4":31,"5":22,"6":5,"7":8,"8":3,"9":1,"10":6,"11":1,"12":3,"13":75,"14":23},"b":{"0":[4,5],"1":[3,23],"2":[2,28],"3":[9,22],"4":[1,21],"5":[5,17],"6":[22,1],"7":[22,3],"8":[21,1],"9":[1,8],"10":[7,1],"11":[1,7],"12":[6,1],"13":[6,5],"14":[2,4]},"_coverageSchema":"1a1c01bbd47fc00a2c39e90264f33305004495a9","hash":"97db93aa6498953fb39ded467f39a3b1859b4d88"}
}
