TN:
SF:lib/calculations.js
FN:13,calculateEntryRatio
FN:24,calculateCurrentRatio
FN:36,calculateCurrentValue
FN:48,calculateGains
FN:59,calculateCommission
FN:73,calculateInvestorMetrics
FN:99,calculateBatchMetrics
FN:117,validateReinvestments
FN:168,calculateStateAfterAddInvestor
FN:183,calculateStateAfterReinvest
FN:199,calculateEntryRatioAfterReinvest
FN:213,calculateStateAfterWithdraw
FN:229,calculateStateAfterCapitalAdjustment
FN:239,roundToCents
FN:243,roundToPercent
FNF:15
FNH:15
FNDA:9,calculateEntryRatio
FNDA:25,calculateCurrentRatio
FNDA:29,calculateCurrentValue
FNDA:25,calculateGains
FNDA:30,calculateCommission
FNDA:21,calculateInvestorMetrics
FNDA:5,calculateBatchMetrics
FNDA:8,validateReinvestments
FNDA:3,calculateStateAfterAddInvestor
FNDA:1,calculateStateAfterReinvest
FNDA:6,calculateEntryRatioAfterReinvest
FNDA:1,calculateStateAfterWithdraw
FNDA:3,calculateStateAfterCapitalAdjustment
FNDA:72,roundToCents
FNDA:22,roundToPercent
DA:14,9
DA:15,5
DA:25,25
DA:26,22
DA:37,29
DA:38,27
DA:39,27
DA:49,25
DA:60,30
DA:61,21
DA:62,17
DA:63,17
DA:74,21
DA:75,21
DA:76,21
DA:77,21
DA:78,21
DA:79,21
DA:81,21
DA:100,5
DA:101,5
DA:102,9
DA:108,5
DA:118,8
DA:119,8
DA:121,8
DA:122,9
DA:124,9
DA:125,1
DA:126,1
DA:129,8
DA:130,8
DA:133,8
DA:134,1
DA:141,1
DA:144,7
DA:145,6
DA:154,8
DA:169,3
DA:185,1
DA:202,6
DA:203,4
DA:215,1
DA:230,3
DA:231,3
DA:240,72
DA:244,22
DA:247,1
LF:48
LH:48
BRDA:14,0,0,4
BRDA:14,0,1,5
BRDA:25,1,0,3
BRDA:25,1,1,22
BRDA:37,2,0,2
BRDA:37,2,1,27
BRDA:60,3,0,9
BRDA:60,3,1,21
BRDA:61,4,0,4
BRDA:61,4,1,17
BRDA:62,5,0,1
BRDA:62,5,1,16
BRDA:75,6,0,21
BRDA:75,6,1,1
BRDA:78,7,0,21
BRDA:78,7,1,2
BRDA:79,8,0,20
BRDA:79,8,1,1
BRDA:124,9,0,1
BRDA:124,9,1,8
BRDA:129,10,0,7
BRDA:129,10,1,1
BRDA:133,11,0,1
BRDA:133,11,1,7
BRDA:144,12,0,6
BRDA:144,12,1,1
BRDA:149,13,0,6
BRDA:149,13,1,5
BRDA:202,14,0,2
BRDA:202,14,1,4
BRF:30
BRH:30
end_of_record
