TN:
SF:lib/calculations.js
FN:13,calculateEntryRatio
FN:24,calculateCurrentRatio
FN:36,calculateCurrentValue
FN:48,calculateGains
FN:60,calculateCommission
FN:75,calculateInvestorMetrics
FN:101,calculateBatchMetrics
FN:119,validateReinvestments
FN:170,calculateStateAfterAddInvestor
FN:185,calculateStateAfterReinvest
FN:201,calculateEntryRatioAfterReinvest
FN:215,calculateStateAfterWithdraw
FN:231,calculateStateAfterCapitalAdjustment
FN:241,roundToCents
FN:245,roundToPercent
FNF:15
FNH:15
FNDA:9,calculateEntryRatio
FNDA:26,calculateCurrentRatio
FNDA:30,calculateCurrentValue
FNDA:26,calculateGains
FNDA:31,calculateCommission
FNDA:22,calculateInvestorMetrics
FNDA:5,calculateBatchMetrics
FNDA:8,validateReinvestments
FNDA:3,calculateStateAfterAddInvestor
FNDA:1,calculateStateAfterReinvest
FNDA:6,calculateEntryRatioAfterReinvest
FNDA:1,calculateStateAfterWithdraw
FNDA:3,calculateStateAfterCapitalAdjustment
FNDA:75,roundToCents
FNDA:23,roundToPercent
DA:14,9
DA:15,5
DA:25,26
DA:26,23
DA:37,30
DA:38,28
DA:39,28
DA:49,26
DA:61,31
DA:62,22
DA:64,22
DA:65,17
DA:76,22
DA:77,22
DA:78,22
DA:79,22
DA:80,22
DA:81,22
DA:83,22
DA:102,5
DA:103,5
DA:104,9
DA:110,5
DA:120,8
DA:121,8
DA:123,8
DA:124,9
DA:126,9
DA:127,1
DA:128,1
DA:131,8
DA:132,8
DA:135,8
DA:136,1
DA:143,1
DA:146,7
DA:147,6
DA:156,8
DA:171,3
DA:187,1
DA:204,6
DA:205,4
DA:217,1
DA:232,3
DA:233,3
DA:242,75
DA:246,23
DA:249,1
LF:48
LH:48
BRDA:14,0,0,4
BRDA:14,0,1,5
BRDA:25,1,0,3
BRDA:25,1,1,23
BRDA:37,2,0,2
BRDA:37,2,1,28
BRDA:61,3,0,9
BRDA:61,3,1,22
BRDA:62,4,0,1
BRDA:62,4,1,21
BRDA:64,5,0,5
BRDA:64,5,1,17
BRDA:77,6,0,22
BRDA:77,6,1,1
BRDA:80,7,0,22
BRDA:80,7,1,3
BRDA:81,8,0,21
BRDA:81,8,1,1
BRDA:126,9,0,1
BRDA:126,9,1,8
BRDA:131,10,0,7
BRDA:131,10,1,1
BRDA:135,11,0,1
BRDA:135,11,1,7
BRDA:146,12,0,6
BRDA:146,12,1,1
BRDA:151,13,0,6
BRDA:151,13,1,5
BRDA:204,14,0,2
BRDA:204,14,1,4
BRF:30
BRH:30
end_of_record
